2024-07-10 21:59:57.325 - Thread:   1 ->  Log Started
2024-07-10 21:59:57.325 - Thread:   1 ->  Timezone (local - UTC): 2h
2024-07-10 21:59:57.325 - Thread:   1 ->  App Version: 01_204_018
2024-07-10 21:59:57.342 - Thread:   1 ->  Space Engineers DS GUI Started
2024-07-10 21:59:57.342 - Thread:   1 ->  Is Service DS: True
2024-07-10 21:59:57.342 - Thread:   1 ->  Service Name: World
2024-07-10 21:59:58.074 - Thread:   1 ->  MyCampaignManager.Constructor() - START
2024-07-10 21:59:58.509 - Thread:   1 ->  MyCampaignManager.Constructor() - END
2024-07-10 21:59:58.604 - Thread:   1 ->  MyDefinitionManager.LoadScenarios() - START
2024-07-10 21:59:58.638 - Thread:   1 ->     fb2a7c9c89833cda388348a7b498f5c7d7f92963
2024-07-10 21:59:58.948 - Thread:   1 ->     Loading scenarios
2024-07-10 21:59:58.969 - Thread:   1 ->  MyDefinitionManager.LoadScenarios() - END
2024-07-10 21:59:58.972 - Thread:   7 ->  Loading available saves - START
2024-07-10 21:59:58.972 - Thread:   8 ->  Loading available saves - START
2024-07-10 21:59:58.975 - Thread:   1 ->  MyDefinitionManager.LoadScenarios() - START
2024-07-10 21:59:58.976 - Thread:   1 ->     fb2a7c9c89833cda388348a7b498f5c7d7f92963
2024-07-10 21:59:58.981 - Thread:   7 ->     Loading Sandbox world configuration file C:\ProgramData\SpaceEngineersDedicated\World\Saves\World 07-09-2024 04-34-33\Sandbox_config.sbc
2024-07-10 21:59:58.991 - Thread:   8 ->     Loading Sandbox world configuration file E:\SteamLibrary\steamapps\common\SpaceEngineersDedicatedServer\Content\CustomWorlds\Alien Planet\PC\Sandbox_config.sbc
2024-07-10 21:59:58.994 - Thread:   7 ->  Loading available saves - END
2024-07-10 21:59:59.026 - Thread:   8 ->     Loading Sandbox world configuration file E:\SteamLibrary\steamapps\common\SpaceEngineersDedicatedServer\Content\CustomWorlds\Alien System\XBox\Sandbox_config.sbc
2024-07-10 21:59:59.046 - Thread:   8 ->     Loading Sandbox world configuration file E:\SteamLibrary\steamapps\common\SpaceEngineersDedicatedServer\Content\CustomWorlds\Asteroid Armory\Sandbox_config.sbc
2024-07-10 21:59:59.058 - Thread:   8 ->     Loading Sandbox world configuration file E:\SteamLibrary\steamapps\common\SpaceEngineersDedicatedServer\Content\CustomWorlds\Crashed Red Ship\Sandbox_config.sbc
2024-07-10 21:59:59.088 - Thread:   8 ->     Loading Sandbox world configuration file E:\SteamLibrary\steamapps\common\SpaceEngineersDedicatedServer\Content\CustomWorlds\Dead Drop Arena\Sandbox_config.sbc
2024-07-10 21:59:59.134 - Thread:   8 ->     Loading Sandbox world configuration file E:\SteamLibrary\steamapps\common\SpaceEngineersDedicatedServer\Content\CustomWorlds\Distant Moons\Sandbox_config.sbc
2024-07-10 21:59:59.150 - Thread:   1 ->     Loading scenarios
2024-07-10 21:59:59.150 - Thread:   1 ->  MyDefinitionManager.LoadScenarios() - END
2024-07-10 21:59:59.192 - Thread:   8 ->     Loading Sandbox world configuration file E:\SteamLibrary\steamapps\common\SpaceEngineersDedicatedServer\Content\CustomWorlds\Earth Planet\PC\Sandbox_config.sbc
2024-07-10 21:59:59.208 - Thread:   8 ->     Loading Sandbox world configuration file E:\SteamLibrary\steamapps\common\SpaceEngineersDedicatedServer\Content\CustomWorlds\Earth Planet\XBox\Sandbox_config.sbc
2024-07-10 21:59:59.218 - Thread:   8 ->     Loading Sandbox world configuration file E:\SteamLibrary\steamapps\common\SpaceEngineersDedicatedServer\Content\CustomWorlds\Empty World\Sandbox_config.sbc
2024-07-10 21:59:59.232 - Thread:   8 ->     Loading Sandbox world configuration file E:\SteamLibrary\steamapps\common\SpaceEngineersDedicatedServer\Content\CustomWorlds\Green Station\Sandbox_config.sbc
2024-07-10 21:59:59.235 - Thread:   1 ->  Loading Sandbox world configuration file C:\ProgramData\SpaceEngineersDedicated\World\Saves\World 07-09-2024 04-34-33\Sandbox_config.sbc
2024-07-10 21:59:59.548 - Thread:   8 ->     Loading Sandbox world configuration file E:\SteamLibrary\steamapps\common\SpaceEngineersDedicatedServer\Content\CustomWorlds\Home System\Sandbox_config.sbc
2024-07-10 21:59:59.566 - Thread:   8 ->     Loading Sandbox world configuration file E:\SteamLibrary\steamapps\common\SpaceEngineersDedicatedServer\Content\CustomWorlds\Lone Survivor\Sandbox_config.sbc
2024-07-10 21:59:59.681 - Thread:   8 ->     Loading Sandbox world configuration file E:\SteamLibrary\steamapps\common\SpaceEngineersDedicatedServer\Content\CustomWorlds\Mars Planet\PC\Sandbox_config.sbc
2024-07-10 21:59:59.709 - Thread:   8 ->     Loading Sandbox world configuration file E:\SteamLibrary\steamapps\common\SpaceEngineersDedicatedServer\Content\CustomWorlds\Mars Planet\XBox\Sandbox_config.sbc
2024-07-10 21:59:59.737 - Thread:   8 ->     Loading Sandbox world configuration file E:\SteamLibrary\steamapps\common\SpaceEngineersDedicatedServer\Content\CustomWorlds\Moon Base\PC\Sandbox_config.sbc
2024-07-10 21:59:59.776 - Thread:   8 ->     Loading Sandbox world configuration file E:\SteamLibrary\steamapps\common\SpaceEngineersDedicatedServer\Content\CustomWorlds\Moon Base\XBox\Sandbox_config.sbc
2024-07-10 21:59:59.793 - Thread:   8 ->     Loading Sandbox world configuration file E:\SteamLibrary\steamapps\common\SpaceEngineersDedicatedServer\Content\CustomWorlds\Petram Orbiter\Sandbox_config.sbc
2024-07-10 21:59:59.820 - Thread:   8 ->     Loading Sandbox world configuration file E:\SteamLibrary\steamapps\common\SpaceEngineersDedicatedServer\Content\CustomWorlds\Red Ship\Sandbox_config.sbc
2024-07-10 21:59:59.869 - Thread:   8 ->     Loading Sandbox world configuration file E:\SteamLibrary\steamapps\common\SpaceEngineersDedicatedServer\Content\CustomWorlds\Red Ship 2\Sandbox_config.sbc
2024-07-10 21:59:59.961 - Thread:   8 ->     Loading Sandbox world configuration file E:\SteamLibrary\steamapps\common\SpaceEngineersDedicatedServer\Content\CustomWorlds\Rival Platforms\Sandbox_config.sbc
2024-07-10 22:00:00.013 - Thread:   8 ->     Loading Sandbox world configuration file E:\SteamLibrary\steamapps\common\SpaceEngineersDedicatedServer\Content\CustomWorlds\Star System\Sandbox_config.sbc
2024-07-10 22:00:00.031 - Thread:   8 ->  Loading available saves - END
2024-07-10 22:01:02.523 - Thread:   1 ->  Loading Sandbox world configuration file C:\ProgramData\SpaceEngineersDedicated\World\Saves\World 07-09-2024 04-34-33\Sandbox_config.sbc
2024-07-10 22:01:02.524 - Thread:   1 ->  Saving Sandbox world configuration file C:\ProgramData\SpaceEngineersDedicated\World\Saves\World 07-09-2024 04-34-33\Sandbox_config.sbc
2024-07-10 22:03:52.586 - Thread:   1 ->  Loading Sandbox world configuration file C:\ProgramData\SpaceEngineersDedicated\World\Saves\World 07-09-2024 04-34-33\Sandbox_config.sbc
2024-07-10 22:03:52.588 - Thread:   1 ->  Saving Sandbox world configuration file C:\ProgramData\SpaceEngineersDedicated\World\Saves\World 07-09-2024 04-34-33\Sandbox_config.sbc
2024-07-10 22:06:39.106 - Thread:   1 ->  Log Closed
