2024-07-09 07:13:04.541 - Thread:   1 ->  Log Started
2024-07-09 07:13:04.542 - Thread:   1 ->  Timezone (local - UTC): 2h
2024-07-09 07:13:04.542 - Thread:   1 ->  App Version: 01_204_018
2024-07-09 07:13:04.604 - Thread:   1 ->  Space Engineers DS GUI Started
2024-07-09 07:13:04.604 - Thread:   1 ->  Is Service DS: True
2024-07-09 07:13:04.604 - Thread:   1 ->  Service Name: World
2024-07-09 07:13:05.292 - Thread:   1 ->  MyCampaignManager.Constructor() - START
2024-07-09 07:13:05.895 - Thread:   1 ->  MyCampaignManager.Constructor() - END
2024-07-09 07:13:06.030 - Thread:   1 ->  MyDefinitionManager.LoadScenarios() - START
2024-07-09 07:13:06.053 - Thread:   1 ->     fb2a7c9c89833cda388348a7b498f5c7d7f92963
2024-07-09 07:13:06.564 - Thread:   1 ->     Loading scenarios
2024-07-09 07:13:06.636 - Thread:   1 ->  MyDefinitionManager.LoadScenarios() - END
2024-07-09 07:13:06.656 - Thread:   7 ->  Loading available saves - START
2024-07-09 07:13:06.656 - Thread:   8 ->  Loading available saves - START
2024-07-09 07:13:06.661 - Thread:   7 ->     Loading Sandbox world configuration file C:\ProgramData\SpaceEngineersDedicated\World\Saves\World 07-09-2024 04-34-33\Sandbox_config.sbc
2024-07-09 07:13:06.671 - Thread:   8 ->     Loading Sandbox world configuration file E:\SteamLibrary\steamapps\common\SpaceEngineersDedicatedServer\Content\CustomWorlds\Alien Planet\PC\Sandbox_config.sbc
2024-07-09 07:13:06.685 - Thread:   1 ->  MyDefinitionManager.LoadScenarios() - START
2024-07-09 07:13:06.687 - Thread:   1 ->     fb2a7c9c89833cda388348a7b498f5c7d7f92963
2024-07-09 07:13:06.752 - Thread:   8 ->     Loading Sandbox world configuration file E:\SteamLibrary\steamapps\common\SpaceEngineersDedicatedServer\Content\CustomWorlds\Alien System\XBox\Sandbox_config.sbc
2024-07-09 07:13:06.755 - Thread:   7 ->  Loading available saves - END
2024-07-09 07:13:06.770 - Thread:   8 ->     Loading Sandbox world configuration file E:\SteamLibrary\steamapps\common\SpaceEngineersDedicatedServer\Content\CustomWorlds\Asteroid Armory\Sandbox_config.sbc
2024-07-09 07:13:06.775 - Thread:   8 ->     Loading Sandbox world configuration file E:\SteamLibrary\steamapps\common\SpaceEngineersDedicatedServer\Content\CustomWorlds\Crashed Red Ship\Sandbox_config.sbc
2024-07-09 07:13:06.805 - Thread:   8 ->     Loading Sandbox world configuration file E:\SteamLibrary\steamapps\common\SpaceEngineersDedicatedServer\Content\CustomWorlds\Dead Drop Arena\Sandbox_config.sbc
2024-07-09 07:13:06.851 - Thread:   8 ->     Loading Sandbox world configuration file E:\SteamLibrary\steamapps\common\SpaceEngineersDedicatedServer\Content\CustomWorlds\Distant Moons\Sandbox_config.sbc
2024-07-09 07:13:06.909 - Thread:   8 ->     Loading Sandbox world configuration file E:\SteamLibrary\steamapps\common\SpaceEngineersDedicatedServer\Content\CustomWorlds\Earth Planet\PC\Sandbox_config.sbc
2024-07-09 07:13:06.916 - Thread:   8 ->     Loading Sandbox world configuration file E:\SteamLibrary\steamapps\common\SpaceEngineersDedicatedServer\Content\CustomWorlds\Earth Planet\XBox\Sandbox_config.sbc
2024-07-09 07:13:06.924 - Thread:   8 ->     Loading Sandbox world configuration file E:\SteamLibrary\steamapps\common\SpaceEngineersDedicatedServer\Content\CustomWorlds\Empty World\Sandbox_config.sbc
2024-07-09 07:13:06.934 - Thread:   8 ->     Loading Sandbox world configuration file E:\SteamLibrary\steamapps\common\SpaceEngineersDedicatedServer\Content\CustomWorlds\Green Station\Sandbox_config.sbc
2024-07-09 07:13:06.958 - Thread:   8 ->     Loading Sandbox world configuration file E:\SteamLibrary\steamapps\common\SpaceEngineersDedicatedServer\Content\CustomWorlds\Home System\Sandbox_config.sbc
2024-07-09 07:13:06.976 - Thread:   8 ->     Loading Sandbox world configuration file E:\SteamLibrary\steamapps\common\SpaceEngineersDedicatedServer\Content\CustomWorlds\Lone Survivor\Sandbox_config.sbc
2024-07-09 07:13:06.992 - Thread:   1 ->     Loading scenarios
2024-07-09 07:13:06.993 - Thread:   1 ->  MyDefinitionManager.LoadScenarios() - END
2024-07-09 07:13:07.006 - Thread:   8 ->     Loading Sandbox world configuration file E:\SteamLibrary\steamapps\common\SpaceEngineersDedicatedServer\Content\CustomWorlds\Mars Planet\PC\Sandbox_config.sbc
2024-07-09 07:13:07.019 - Thread:   8 ->     Loading Sandbox world configuration file E:\SteamLibrary\steamapps\common\SpaceEngineersDedicatedServer\Content\CustomWorlds\Mars Planet\XBox\Sandbox_config.sbc
2024-07-09 07:13:07.029 - Thread:   8 ->     Loading Sandbox world configuration file E:\SteamLibrary\steamapps\common\SpaceEngineersDedicatedServer\Content\CustomWorlds\Moon Base\PC\Sandbox_config.sbc
2024-07-09 07:13:07.039 - Thread:   8 ->     Loading Sandbox world configuration file E:\SteamLibrary\steamapps\common\SpaceEngineersDedicatedServer\Content\CustomWorlds\Moon Base\XBox\Sandbox_config.sbc
2024-07-09 07:13:07.051 - Thread:   8 ->     Loading Sandbox world configuration file E:\SteamLibrary\steamapps\common\SpaceEngineersDedicatedServer\Content\CustomWorlds\Petram Orbiter\Sandbox_config.sbc
2024-07-09 07:13:07.055 - Thread:   8 ->     Loading Sandbox world configuration file E:\SteamLibrary\steamapps\common\SpaceEngineersDedicatedServer\Content\CustomWorlds\Red Ship\Sandbox_config.sbc
2024-07-09 07:13:07.102 - Thread:   8 ->     Loading Sandbox world configuration file E:\SteamLibrary\steamapps\common\SpaceEngineersDedicatedServer\Content\CustomWorlds\Red Ship 2\Sandbox_config.sbc
2024-07-09 07:13:07.125 - Thread:   1 ->  Loading Sandbox world configuration file C:\ProgramData\SpaceEngineersDedicated\World\Saves\World 07-09-2024 04-34-33\Sandbox_config.sbc
2024-07-09 07:13:07.144 - Thread:   8 ->     Loading Sandbox world configuration file E:\SteamLibrary\steamapps\common\SpaceEngineersDedicatedServer\Content\CustomWorlds\Rival Platforms\Sandbox_config.sbc
2024-07-09 07:13:07.167 - Thread:   8 ->     Loading Sandbox world configuration file E:\SteamLibrary\steamapps\common\SpaceEngineersDedicatedServer\Content\CustomWorlds\Star System\Sandbox_config.sbc
2024-07-09 07:13:07.178 - Thread:   8 ->  Loading available saves - END
2024-07-09 07:13:35.895 - Thread:   1 ->  Loading Sandbox world configuration file C:\ProgramData\SpaceEngineersDedicated\World\Saves\World 07-09-2024 04-34-33\Sandbox_config.sbc
2024-07-09 07:13:35.897 - Thread:   1 ->  Saving Sandbox world configuration file C:\ProgramData\SpaceEngineersDedicated\World\Saves\World 07-09-2024 04-34-33\Sandbox_config.sbc
2024-07-09 07:17:26.317 - Thread:   1 ->  Log Closed
