2024-07-11 08:27:42.227 - Thread:   1 ->  Log Started
2024-07-11 08:27:42.227 - Thread:   1 ->  Timezone (local - UTC): 2h
2024-07-11 08:27:42.227 - Thread:   1 ->  App Version: 01_204_018
2024-07-11 08:27:42.243 - Thread:   1 ->  Space Engineers DS GUI Started
2024-07-11 08:27:42.243 - Thread:   1 ->  Is Service DS: True
2024-07-11 08:27:42.243 - Thread:   1 ->  Service Name: World
2024-07-11 08:27:42.720 - Thread:   1 ->  MyCampaignManager.Constructor() - START
2024-07-11 08:27:42.949 - Thread:   1 ->  MyCampaignManager.Constructor() - END
2024-07-11 08:27:43.029 - Thread:   1 ->  MyDefinitionManager.LoadScenarios() - START
2024-07-11 08:27:43.032 - Thread:   1 ->     fb2a7c9c89833cda388348a7b498f5c7d7f92963
2024-07-11 08:27:43.356 - Thread:   1 ->     Loading scenarios
2024-07-11 08:27:43.376 - Thread:   1 ->  MyDefinitionManager.LoadScenarios() - END
2024-07-11 08:27:43.378 - Thread:   8 ->  Loading available saves - START
2024-07-11 08:27:43.379 - Thread:   9 ->  Loading available saves - START
2024-07-11 08:27:43.379 - Thread:   8 ->     Loading Sandbox world configuration file C:\ProgramData\SpaceEngineersDedicated\World\Saves\World 07-09-2024 04-34-33\Sandbox_config.sbc
2024-07-11 08:27:43.379 - Thread:   9 ->     Loading Sandbox world configuration file E:\SteamLibrary\steamapps\common\SpaceEngineersDedicatedServer\Content\CustomWorlds\Alien Planet\PC\Sandbox_config.sbc
2024-07-11 08:27:43.381 - Thread:   1 ->  MyDefinitionManager.LoadScenarios() - START
2024-07-11 08:27:43.382 - Thread:   1 ->     fb2a7c9c89833cda388348a7b498f5c7d7f92963
2024-07-11 08:27:43.382 - Thread:   8 ->  Loading available saves - END
2024-07-11 08:27:43.386 - Thread:   9 ->     Loading Sandbox world configuration file E:\SteamLibrary\steamapps\common\SpaceEngineersDedicatedServer\Content\CustomWorlds\Alien System\XBox\Sandbox_config.sbc
2024-07-11 08:27:43.387 - Thread:   9 ->     Loading Sandbox world configuration file E:\SteamLibrary\steamapps\common\SpaceEngineersDedicatedServer\Content\CustomWorlds\Asteroid Armory\Sandbox_config.sbc
2024-07-11 08:27:43.388 - Thread:   9 ->     Loading Sandbox world configuration file E:\SteamLibrary\steamapps\common\SpaceEngineersDedicatedServer\Content\CustomWorlds\Crashed Red Ship\Sandbox_config.sbc
2024-07-11 08:27:43.389 - Thread:   9 ->     Loading Sandbox world configuration file E:\SteamLibrary\steamapps\common\SpaceEngineersDedicatedServer\Content\CustomWorlds\Dead Drop Arena\Sandbox_config.sbc
2024-07-11 08:27:43.394 - Thread:   9 ->     Loading Sandbox world configuration file E:\SteamLibrary\steamapps\common\SpaceEngineersDedicatedServer\Content\CustomWorlds\Distant Moons\Sandbox_config.sbc
2024-07-11 08:27:43.396 - Thread:   9 ->     Loading Sandbox world configuration file E:\SteamLibrary\steamapps\common\SpaceEngineersDedicatedServer\Content\CustomWorlds\Earth Planet\PC\Sandbox_config.sbc
2024-07-11 08:27:43.400 - Thread:   9 ->     Loading Sandbox world configuration file E:\SteamLibrary\steamapps\common\SpaceEngineersDedicatedServer\Content\CustomWorlds\Earth Planet\XBox\Sandbox_config.sbc
2024-07-11 08:27:43.401 - Thread:   9 ->     Loading Sandbox world configuration file E:\SteamLibrary\steamapps\common\SpaceEngineersDedicatedServer\Content\CustomWorlds\Empty World\Sandbox_config.sbc
2024-07-11 08:27:43.402 - Thread:   9 ->     Loading Sandbox world configuration file E:\SteamLibrary\steamapps\common\SpaceEngineersDedicatedServer\Content\CustomWorlds\Green Station\Sandbox_config.sbc
2024-07-11 08:27:43.404 - Thread:   9 ->     Loading Sandbox world configuration file E:\SteamLibrary\steamapps\common\SpaceEngineersDedicatedServer\Content\CustomWorlds\Home System\Sandbox_config.sbc
2024-07-11 08:27:43.405 - Thread:   9 ->     Loading Sandbox world configuration file E:\SteamLibrary\steamapps\common\SpaceEngineersDedicatedServer\Content\CustomWorlds\Lone Survivor\Sandbox_config.sbc
2024-07-11 08:27:43.407 - Thread:   9 ->     Loading Sandbox world configuration file E:\SteamLibrary\steamapps\common\SpaceEngineersDedicatedServer\Content\CustomWorlds\Mars Planet\PC\Sandbox_config.sbc
2024-07-11 08:27:43.408 - Thread:   9 ->     Loading Sandbox world configuration file E:\SteamLibrary\steamapps\common\SpaceEngineersDedicatedServer\Content\CustomWorlds\Mars Planet\XBox\Sandbox_config.sbc
2024-07-11 08:27:43.413 - Thread:   9 ->     Loading Sandbox world configuration file E:\SteamLibrary\steamapps\common\SpaceEngineersDedicatedServer\Content\CustomWorlds\Moon Base\PC\Sandbox_config.sbc
2024-07-11 08:27:43.414 - Thread:   9 ->     Loading Sandbox world configuration file E:\SteamLibrary\steamapps\common\SpaceEngineersDedicatedServer\Content\CustomWorlds\Moon Base\XBox\Sandbox_config.sbc
2024-07-11 08:27:43.415 - Thread:   9 ->     Loading Sandbox world configuration file E:\SteamLibrary\steamapps\common\SpaceEngineersDedicatedServer\Content\CustomWorlds\Petram Orbiter\Sandbox_config.sbc
2024-07-11 08:27:43.417 - Thread:   9 ->     Loading Sandbox world configuration file E:\SteamLibrary\steamapps\common\SpaceEngineersDedicatedServer\Content\CustomWorlds\Red Ship\Sandbox_config.sbc
2024-07-11 08:27:43.419 - Thread:   9 ->     Loading Sandbox world configuration file E:\SteamLibrary\steamapps\common\SpaceEngineersDedicatedServer\Content\CustomWorlds\Red Ship 2\Sandbox_config.sbc
2024-07-11 08:27:43.422 - Thread:   9 ->     Loading Sandbox world configuration file E:\SteamLibrary\steamapps\common\SpaceEngineersDedicatedServer\Content\CustomWorlds\Rival Platforms\Sandbox_config.sbc
2024-07-11 08:27:43.427 - Thread:   9 ->     Loading Sandbox world configuration file E:\SteamLibrary\steamapps\common\SpaceEngineersDedicatedServer\Content\CustomWorlds\Star System\Sandbox_config.sbc
2024-07-11 08:27:43.429 - Thread:   9 ->  Loading available saves - END
2024-07-11 08:27:43.562 - Thread:   1 ->     Loading scenarios
2024-07-11 08:27:43.562 - Thread:   1 ->  MyDefinitionManager.LoadScenarios() - END
2024-07-11 08:27:43.562 - Thread:   8 ->  Loading available saves - START
2024-07-11 08:27:43.562 - Thread:   7 ->  Loading available saves - START
2024-07-11 08:27:43.563 - Thread:   8 ->     Loading Sandbox world configuration file E:\SteamLibrary\steamapps\common\SpaceEngineersDedicatedServer\Content\CustomWorlds\Alien Planet\PC\Sandbox_config.sbc
2024-07-11 08:27:43.564 - Thread:   7 ->     Loading Sandbox world configuration file C:\ProgramData\SpaceEngineersDedicated\World\Saves\World 07-09-2024 04-34-33\Sandbox_config.sbc
2024-07-11 08:27:43.567 - Thread:   7 ->  Loading available saves - END
2024-07-11 08:27:43.568 - Thread:   8 ->     Loading Sandbox world configuration file E:\SteamLibrary\steamapps\common\SpaceEngineersDedicatedServer\Content\CustomWorlds\Alien System\XBox\Sandbox_config.sbc
2024-07-11 08:27:43.569 - Thread:   8 ->     Loading Sandbox world configuration file E:\SteamLibrary\steamapps\common\SpaceEngineersDedicatedServer\Content\CustomWorlds\Asteroid Armory\Sandbox_config.sbc
2024-07-11 08:27:43.570 - Thread:   8 ->     Loading Sandbox world configuration file E:\SteamLibrary\steamapps\common\SpaceEngineersDedicatedServer\Content\CustomWorlds\Crashed Red Ship\Sandbox_config.sbc
2024-07-11 08:27:43.574 - Thread:   8 ->     Loading Sandbox world configuration file E:\SteamLibrary\steamapps\common\SpaceEngineersDedicatedServer\Content\CustomWorlds\Dead Drop Arena\Sandbox_config.sbc
2024-07-11 08:27:43.581 - Thread:   8 ->     Loading Sandbox world configuration file E:\SteamLibrary\steamapps\common\SpaceEngineersDedicatedServer\Content\CustomWorlds\Distant Moons\Sandbox_config.sbc
2024-07-11 08:27:43.583 - Thread:   8 ->     Loading Sandbox world configuration file E:\SteamLibrary\steamapps\common\SpaceEngineersDedicatedServer\Content\CustomWorlds\Earth Planet\PC\Sandbox_config.sbc
2024-07-11 08:27:43.587 - Thread:   8 ->     Loading Sandbox world configuration file E:\SteamLibrary\steamapps\common\SpaceEngineersDedicatedServer\Content\CustomWorlds\Earth Planet\XBox\Sandbox_config.sbc
2024-07-11 08:27:43.588 - Thread:   8 ->     Loading Sandbox world configuration file E:\SteamLibrary\steamapps\common\SpaceEngineersDedicatedServer\Content\CustomWorlds\Empty World\Sandbox_config.sbc
2024-07-11 08:27:43.590 - Thread:   8 ->     Loading Sandbox world configuration file E:\SteamLibrary\steamapps\common\SpaceEngineersDedicatedServer\Content\CustomWorlds\Green Station\Sandbox_config.sbc
2024-07-11 08:27:43.592 - Thread:   8 ->     Loading Sandbox world configuration file E:\SteamLibrary\steamapps\common\SpaceEngineersDedicatedServer\Content\CustomWorlds\Home System\Sandbox_config.sbc
2024-07-11 08:27:43.595 - Thread:   8 ->     Loading Sandbox world configuration file E:\SteamLibrary\steamapps\common\SpaceEngineersDedicatedServer\Content\CustomWorlds\Lone Survivor\Sandbox_config.sbc
2024-07-11 08:27:43.598 - Thread:   8 ->     Loading Sandbox world configuration file E:\SteamLibrary\steamapps\common\SpaceEngineersDedicatedServer\Content\CustomWorlds\Mars Planet\PC\Sandbox_config.sbc
2024-07-11 08:27:43.600 - Thread:   8 ->     Loading Sandbox world configuration file E:\SteamLibrary\steamapps\common\SpaceEngineersDedicatedServer\Content\CustomWorlds\Mars Planet\XBox\Sandbox_config.sbc
2024-07-11 08:27:43.602 - Thread:   8 ->     Loading Sandbox world configuration file E:\SteamLibrary\steamapps\common\SpaceEngineersDedicatedServer\Content\CustomWorlds\Moon Base\PC\Sandbox_config.sbc
2024-07-11 08:27:43.604 - Thread:   8 ->     Loading Sandbox world configuration file E:\SteamLibrary\steamapps\common\SpaceEngineersDedicatedServer\Content\CustomWorlds\Moon Base\XBox\Sandbox_config.sbc
2024-07-11 08:27:43.605 - Thread:   8 ->     Loading Sandbox world configuration file E:\SteamLibrary\steamapps\common\SpaceEngineersDedicatedServer\Content\CustomWorlds\Petram Orbiter\Sandbox_config.sbc
2024-07-11 08:27:43.607 - Thread:   8 ->     Loading Sandbox world configuration file E:\SteamLibrary\steamapps\common\SpaceEngineersDedicatedServer\Content\CustomWorlds\Red Ship\Sandbox_config.sbc
2024-07-11 08:27:43.609 - Thread:   8 ->     Loading Sandbox world configuration file E:\SteamLibrary\steamapps\common\SpaceEngineersDedicatedServer\Content\CustomWorlds\Red Ship 2\Sandbox_config.sbc
2024-07-11 08:27:43.614 - Thread:   8 ->     Loading Sandbox world configuration file E:\SteamLibrary\steamapps\common\SpaceEngineersDedicatedServer\Content\CustomWorlds\Rival Platforms\Sandbox_config.sbc
2024-07-11 08:27:43.617 - Thread:   8 ->     Loading Sandbox world configuration file E:\SteamLibrary\steamapps\common\SpaceEngineersDedicatedServer\Content\CustomWorlds\Star System\Sandbox_config.sbc
2024-07-11 08:27:43.619 - Thread:   8 ->  Loading available saves - END
2024-07-11 08:27:43.659 - Thread:   1 ->  Loading Sandbox world configuration file C:\ProgramData\SpaceEngineersDedicated\World\Saves\World 07-09-2024 04-34-33\Sandbox_config.sbc
2024-07-11 08:28:32.368 - Thread:   1 ->  Loading Sandbox world configuration file C:\ProgramData\SpaceEngineersDedicated\World\Saves\World 07-09-2024 04-34-33\Sandbox_config.sbc
2024-07-11 08:28:32.370 - Thread:   1 ->  Saving Sandbox world configuration file C:\ProgramData\SpaceEngineersDedicated\World\Saves\World 07-09-2024 04-34-33\Sandbox_config.sbc
2024-07-11 08:52:00.608 - Thread:   1 ->  Loading Sandbox world configuration file C:\ProgramData\SpaceEngineersDedicated\World\Saves\World 07-09-2024 04-34-33\Sandbox_config.sbc
2024-07-11 08:52:00.610 - Thread:   1 ->  Saving Sandbox world configuration file C:\ProgramData\SpaceEngineersDedicated\World\Saves\World 07-09-2024 04-34-33\Sandbox_config.sbc
2024-07-11 09:00:32.337 - Thread:   1 ->  Loading Sandbox world configuration file C:\ProgramData\SpaceEngineersDedicated\World\Saves\World 07-09-2024 04-34-33\Sandbox_config.sbc
2024-07-11 09:00:32.338 - Thread:   1 ->  Saving Sandbox world configuration file C:\ProgramData\SpaceEngineersDedicated\World\Saves\World 07-09-2024 04-34-33\Sandbox_config.sbc
2024-07-11 09:31:39.558 - Thread:   1 ->  Log Closed
