2024-07-11 02:59:49.845 - Thread:   1 ->  Log Started
2024-07-11 02:59:49.845 - Thread:   1 ->  Timezone (local - UTC): 2h
2024-07-11 02:59:49.845 - Thread:   1 ->  App Version: 01_204_018
2024-07-11 02:59:49.910 - Thread:   1 ->  Space Engineers DS GUI Started
2024-07-11 02:59:49.910 - Thread:   1 ->  Is Service DS: True
2024-07-11 02:59:49.910 - Thread:   1 ->  Service Name: World
2024-07-11 02:59:50.713 - Thread:   1 ->  MyCampaignManager.Constructor() - START
2024-07-11 02:59:51.426 - Thread:   1 ->  MyCampaignManager.Constructor() - END
2024-07-11 02:59:51.571 - Thread:   1 ->  MyDefinitionManager.LoadScenarios() - START
2024-07-11 02:59:51.605 - Thread:   1 ->     fb2a7c9c89833cda388348a7b498f5c7d7f92963
2024-07-11 02:59:51.982 - Thread:   1 ->     Loading scenarios
2024-07-11 02:59:52.015 - Thread:   1 ->  MyDefinitionManager.LoadScenarios() - END
2024-07-11 02:59:52.017 - Thread:   7 ->  Loading available saves - START
2024-07-11 02:59:52.017 - Thread:   8 ->  Loading available saves - START
2024-07-11 02:59:52.025 - Thread:   1 ->  MyDefinitionManager.LoadScenarios() - START
2024-07-11 02:59:52.029 - Thread:   7 ->     Loading Sandbox world configuration file C:\ProgramData\SpaceEngineersDedicated\World\Saves\World 07-09-2024 04-34-33\Sandbox_config.sbc
2024-07-11 02:59:52.031 - Thread:   1 ->     fb2a7c9c89833cda388348a7b498f5c7d7f92963
2024-07-11 02:59:52.033 - Thread:   8 ->     Loading Sandbox world configuration file E:\SteamLibrary\steamapps\common\SpaceEngineersDedicatedServer\Content\CustomWorlds\Alien Planet\PC\Sandbox_config.sbc
2024-07-11 02:59:52.049 - Thread:   7 ->  Loading available saves - END
2024-07-11 02:59:52.068 - Thread:   8 ->     Loading Sandbox world configuration file E:\SteamLibrary\steamapps\common\SpaceEngineersDedicatedServer\Content\CustomWorlds\Alien System\XBox\Sandbox_config.sbc
2024-07-11 02:59:52.087 - Thread:   8 ->     Loading Sandbox world configuration file E:\SteamLibrary\steamapps\common\SpaceEngineersDedicatedServer\Content\CustomWorlds\Asteroid Armory\Sandbox_config.sbc
2024-07-11 02:59:52.113 - Thread:   8 ->     Loading Sandbox world configuration file E:\SteamLibrary\steamapps\common\SpaceEngineersDedicatedServer\Content\CustomWorlds\Crashed Red Ship\Sandbox_config.sbc
2024-07-11 02:59:52.148 - Thread:   8 ->     Loading Sandbox world configuration file E:\SteamLibrary\steamapps\common\SpaceEngineersDedicatedServer\Content\CustomWorlds\Dead Drop Arena\Sandbox_config.sbc
2024-07-11 02:59:52.185 - Thread:   8 ->     Loading Sandbox world configuration file E:\SteamLibrary\steamapps\common\SpaceEngineersDedicatedServer\Content\CustomWorlds\Distant Moons\Sandbox_config.sbc
2024-07-11 02:59:52.226 - Thread:   8 ->     Loading Sandbox world configuration file E:\SteamLibrary\steamapps\common\SpaceEngineersDedicatedServer\Content\CustomWorlds\Earth Planet\PC\Sandbox_config.sbc
2024-07-11 02:59:52.244 - Thread:   8 ->     Loading Sandbox world configuration file E:\SteamLibrary\steamapps\common\SpaceEngineersDedicatedServer\Content\CustomWorlds\Earth Planet\XBox\Sandbox_config.sbc
2024-07-11 02:59:52.252 - Thread:   8 ->     Loading Sandbox world configuration file E:\SteamLibrary\steamapps\common\SpaceEngineersDedicatedServer\Content\CustomWorlds\Empty World\Sandbox_config.sbc
2024-07-11 02:59:52.265 - Thread:   8 ->     Loading Sandbox world configuration file E:\SteamLibrary\steamapps\common\SpaceEngineersDedicatedServer\Content\CustomWorlds\Green Station\Sandbox_config.sbc
2024-07-11 02:59:52.283 - Thread:   1 ->     Loading scenarios
2024-07-11 02:59:52.283 - Thread:   1 ->  MyDefinitionManager.LoadScenarios() - END
2024-07-11 02:59:52.359 - Thread:   8 ->     Loading Sandbox world configuration file E:\SteamLibrary\steamapps\common\SpaceEngineersDedicatedServer\Content\CustomWorlds\Home System\Sandbox_config.sbc
2024-07-11 02:59:52.384 - Thread:   1 ->  Loading Sandbox world configuration file C:\ProgramData\SpaceEngineersDedicated\World\Saves\World 07-09-2024 04-34-33\Sandbox_config.sbc
2024-07-11 02:59:52.428 - Thread:   8 ->     Loading Sandbox world configuration file E:\SteamLibrary\steamapps\common\SpaceEngineersDedicatedServer\Content\CustomWorlds\Lone Survivor\Sandbox_config.sbc
2024-07-11 02:59:52.480 - Thread:   8 ->     Loading Sandbox world configuration file E:\SteamLibrary\steamapps\common\SpaceEngineersDedicatedServer\Content\CustomWorlds\Mars Planet\PC\Sandbox_config.sbc
2024-07-11 02:59:52.495 - Thread:   8 ->     Loading Sandbox world configuration file E:\SteamLibrary\steamapps\common\SpaceEngineersDedicatedServer\Content\CustomWorlds\Mars Planet\XBox\Sandbox_config.sbc
2024-07-11 02:59:52.513 - Thread:   8 ->     Loading Sandbox world configuration file E:\SteamLibrary\steamapps\common\SpaceEngineersDedicatedServer\Content\CustomWorlds\Moon Base\PC\Sandbox_config.sbc
2024-07-11 02:59:52.531 - Thread:   8 ->     Loading Sandbox world configuration file E:\SteamLibrary\steamapps\common\SpaceEngineersDedicatedServer\Content\CustomWorlds\Moon Base\XBox\Sandbox_config.sbc
2024-07-11 02:59:52.550 - Thread:   8 ->     Loading Sandbox world configuration file E:\SteamLibrary\steamapps\common\SpaceEngineersDedicatedServer\Content\CustomWorlds\Petram Orbiter\Sandbox_config.sbc
2024-07-11 02:59:52.563 - Thread:   8 ->     Loading Sandbox world configuration file E:\SteamLibrary\steamapps\common\SpaceEngineersDedicatedServer\Content\CustomWorlds\Red Ship\Sandbox_config.sbc
2024-07-11 02:59:52.583 - Thread:   8 ->     Loading Sandbox world configuration file E:\SteamLibrary\steamapps\common\SpaceEngineersDedicatedServer\Content\CustomWorlds\Red Ship 2\Sandbox_config.sbc
2024-07-11 02:59:52.644 - Thread:   8 ->     Loading Sandbox world configuration file E:\SteamLibrary\steamapps\common\SpaceEngineersDedicatedServer\Content\CustomWorlds\Rival Platforms\Sandbox_config.sbc
2024-07-11 02:59:52.671 - Thread:   8 ->     Loading Sandbox world configuration file E:\SteamLibrary\steamapps\common\SpaceEngineersDedicatedServer\Content\CustomWorlds\Star System\Sandbox_config.sbc
2024-07-11 02:59:52.697 - Thread:   8 ->  Loading available saves - END
2024-07-11 03:01:52.839 - Thread:   1 ->  Log Closed
